<?xml version="1.0" encoding="UTF-8"?>
<!-- Generated by org.testng.reporters.JUnitXMLReporter -->
<testsuite ignored="0" hostname="LAPTOP-6L82N2OA" failures="0" tests="4" name="Default test" time="0.054" errors="0" timestamp="2025-02-21T17:04:15 BDT">
  <testcase classname="projecttestng.bangla4" name="ddemo1" time="0.008"/>
  <testcase classname="projecttestng.bangla4" name="cdemo1" time="0.001"/>
  <testcase classname="projecttestng.bangla4" name="bdemo1" time="0.001"/>
  <testcase classname="projecttestng.bangla4" name="ademo1" time="0.001"/>
</testsuite> <!-- Default test -->
