<?xml version="1.0" encoding="UTF-8"?>
<!-- Generated by org.testng.reporters.JUnitXMLReporter -->
<testsuite ignored="3" hostname="LAPTOP-6L82N2OA" failures="0" tests="2" name="Default test" time="0.036" errors="0" timestamp="2025-02-21T18:34:37 BDT">
  <testcase classname="projecttestng.bangla4" name="cdemo1" time="0.006"/>
  <testcase classname="projecttestng.bangla4" name="Linked" time="0.0"/>
  <testcase classname="projecttestng.bangla4" name="ddemo1" time="0.0">
    <ignored/>
  </testcase> <!-- ddemo1 -->
  <testcase classname="projecttestng.bangla4" name="bdemo1" time="0.0">
    <ignored/>
  </testcase> <!-- bdemo1 -->
  <testcase classname="projecttestng.bangla4" name="ademo1" time="0.0">
    <ignored/>
  </testcase> <!-- ademo1 -->
</testsuite> <!-- Default test -->
