<?xml version="1.0" encoding="UTF-8"?>
<!-- Generated by org.testng.reporters.JUnitXMLReporter -->
<testsuite ignored="1" hostname="LAPTOP-6L82N2OA" failures="1" tests="6" name="TestPakistan" time="0.065" errors="0" timestamp="2025-02-22T14:43:56 BDT">
  <testcase classname="projecttestng.bangla4" name="ddemo1" time="0.004"/>
  <testcase classname="projecttestng.bangla4" name="ddemo1" time="0.002"/>
  <testcase classname="projecttestng.bangla4" name="ddemo1" time="0.0"/>
  <testcase classname="projecttestng.bangla4" name="cdemo1" time="0.005">
    <failure type="java.lang.AssertionError" message="expected [true] but found [false]">
      <![CDATA[java.lang.AssertionError: expected [true] but found [false]
at projecttestng.bangla4.cdemo1(bangla4.java:28)
at java.base/java.util.ArrayList.forEach(ArrayList.java:1511)
... Removed 31 stack frames]]>
    </failure>
  </testcase> <!-- cdemo1 -->
  <testcase classname="projecttestng.bangla4" name="Linked" time="0.0">
    <skipped/>
  </testcase> <!-- Linked -->
  <testcase classname="projecttestng.bangla4" name="bdemo1" time="0.001"/>
  <testcase classname="projecttestng.bangla4" name="ademo1" time="0.0">
    <ignored/>
  </testcase> <!-- ademo1 -->
</testsuite> <!-- TestPakistan -->
