<?xml version="1.0" encoding="UTF-8"?>
<!-- Generated by org.testng.reporters.JUnitXMLReporter -->
<testsuite ignored="1" hostname="LAPTOP-6L82N2OA" failures="0" tests="6" name="TestPakistan" time="0.054" errors="0" timestamp="2025-02-22T13:19:21 BDT">
  <testcase classname="projecttestng.bangla4" name="ddemo1" time="0.01"/>
  <testcase classname="projecttestng.bangla4" name="ddemo1" time="0.001"/>
  <testcase classname="projecttestng.bangla4" name="ddemo1" time="0.001"/>
  <testcase classname="projecttestng.bangla4" name="cdemo1" time="0.002"/>
  <testcase classname="projecttestng.bangla4" name="Linked" time="0.001"/>
  <testcase classname="projecttestng.bangla4" name="bdemo1" time="0.0"/>
  <testcase classname="projecttestng.bangla4" name="ademo1" time="0.0">
    <ignored/>
  </testcase> <!-- ademo1 -->
</testsuite> <!-- TestPakistan -->
