<?xml version="1.0" encoding="UTF-8"?>
<testng-results ignored="0" total="4" passed="4" failed="0" skipped="0">
  <reporter-output>
  </reporter-output>
  <suite started-at="2025-02-21T17:04:32 BDT" name="Suite" finished-at="2025-02-21T17:04:32 BDT" duration-ms="73">
    <groups>
    </groups>
    <test started-at="2025-02-21T17:04:32 BDT" name="TestPakistan" finished-at="2025-02-21T17:04:32 BDT" duration-ms="73">
      <class name="projecttestng.bangla4">
        <test-method signature="ddemo1()[pri:1, instance:projecttestng.bangla4@15eb5ee5]" started-at="2025-02-21T17:04:32 BDT" name="ddemo1" finished-at="2025-02-21T17:04:32 BDT" duration-ms="6" status="PASS">
          <reporter-output>
          </reporter-output>
        </test-method> <!-- ddemo1 -->
        <test-method signature="cdemo1()[pri:2, instance:projecttestng.bangla4@15eb5ee5]" started-at="2025-02-21T17:04:32 BDT" name="cdemo1" finished-at="2025-02-21T17:04:32 BDT" duration-ms="2" status="PASS">
          <reporter-output>
          </reporter-output>
        </test-method> <!-- cdemo1 -->
        <test-method signature="bdemo1()[pri:3, instance:projecttestng.bangla4@15eb5ee5]" started-at="2025-02-21T17:04:32 BDT" name="bdemo1" finished-at="2025-02-21T17:04:32 BDT" duration-ms="2" status="PASS">
          <reporter-output>
          </reporter-output>
        </test-method> <!-- bdemo1 -->
        <test-method signature="ademo1()[pri:4, instance:projecttestng.bangla4@15eb5ee5]" started-at="2025-02-21T17:04:32 BDT" name="ademo1" finished-at="2025-02-21T17:04:32 BDT" duration-ms="0" status="PASS">
          <reporter-output>
          </reporter-output>
        </test-method> <!-- ademo1 -->
      </class> <!-- projecttestng.bangla4 -->
    </test> <!-- TestPakistan -->
  </suite> <!-- Suite -->
</testng-results>
